number,value,datetime_start,datetime_complete,duration,params_colsample_bytree,params_gamma,params_max_depth,params_min_child_weight,params_reg_alpha,params_reg_lambda,params_subsample,state
0,3.3748489662452976,2026-08-29 11:57:17.491915,2026-08-29 11:57:19.327353,0 days 00:00:01.835438,0.5395907823879094,0.7155350116417496,3,15,0.00045045270750070034,0.032869784334126885,0.8062471914430749,COMPLETE
1,3.390070926995925,2026-08-29 11:57:19.828996,2026-08-29 11:57:21.321826,0 days 00:00:01.492830,0.4919627896202563,1.9687780228206633,2,9,0.007222918069586425,0.014591216708644347,0.8615902125574169,COMPLETE
2,3.494983626000675,2026-08-29 11:57:21.488294,2026-08-29 11:57:23.216783,0 days 00:00:01.728489,0.7090072880384823,1.964545714952274,3,29,28.685936353204884,4.584855787748904,0.7048556432476945,COMPLETE
3,3.3761175179187166,2026-08-29 11:57:23.403788,2026-08-29 11:57:25.572607,0 days 00:00:02.168819,0.6325088405974555,1.8242180043830118,2,4,0.4047690972886321,42.341358787439795,0.8211172718226174,COMPLETE
4,3.3859968303162375,2026-08-29 11:57:25.829855,2026-08-29 11:57:28.255393,0 days 00:00:02.425538,0.47194391516466805,0.025159386550659968,2,23,0.8137696670217525,6.645511623240726,0.7847035982790921,COMPLETE
5,3.4960120872214993,2026-08-29 11:57:28.411474,2026-08-29 11:57:30.018634,0 days 00:00:01.607160,0.973450656407475,0.049045619810533125,5,30,0.02709127721898411,0.16801272321361083,0.6894764270749287,COMPLETE
6,3.428275402681327,2026-08-29 11:57:30.172351,2026-08-29 11:57:32.234454,0 days 00:00:02.062103,0.8328103949735441,1.0126960501523088,3,2,0.02257214060845831,0.7141263211261578,0.7013382327331343,COMPLETE
7,3.3841685071403593,2026-08-29 11:57:32.375345,2026-08-29 11:57:34.370813,0 days 00:00:01.995468,0.39130793957375193,1.8663417120956238,4,15,0.5961318958579598,34.10790248082747,0.6243456294076555,COMPLETE
8,3.4113740803282937,2026-08-29 11:57:34.523316,2026-08-29 11:57:36.729845,0 days 00:00:02.206529,0.7179991261662281,2.9327173775609148,4,3,0.001917540450209472,0.003017786845012373,0.8538204319984354,COMPLETE
9,3.487102838210118,2026-08-29 11:57:36.873024,2026-08-29 11:57:38.375240,0 days 00:00:01.502216,0.49737435032978,1.618085937057927,5,29,0.10225609921148712,5.50011817566983,0.747964314549465,COMPLETE
10,3.411630041805315,2026-08-29 11:57:38.509520,2026-08-29 11:57:40.419356,0 days 00:00:01.909836,0.9973169427203459,2.900128098907924,4,16,1.0349133845137371e-05,0.0012014971676727528,0.994439366683992,COMPLETE
11,3.414441567880136,2026-08-29 11:57:40.579844,2026-08-29 11:57:42.650223,0 days 00:00:02.070379,0.6380213690692579,0.850178836045653,3,11,0.00018173739212129275,170.204256154082,0.8615499983799958,COMPLETE
12,3.3621480965319974,2026-08-29 11:57:42.917873,2026-08-29 11:57:44.907380,0 days 00:00:01.989507,0.6051749114935805,0.8227550179057455,2,7,0.0003374425498505899,0.041388637825665126,0.9734208996165372,COMPLETE
13,3.3673692868079663,2026-08-29 11:57:45.065884,2026-08-29 11:57:46.937304,0 days 00:00:01.871420,0.580662318928657,0.8032919500647853,3,20,0.00033391985780043335,0.04395196449402423,0.9933582894302132,COMPLETE
14,3.3577613830566406,2026-08-29 11:57:47.102875,2026-08-29 11:57:48.787558,0 days 00:00:01.684683,0.6035595953815873,1.2201145196639893,2,22,3.523890812537087e-05,0.16875650722103547,0.990800218288577,COMPLETE
15,3.3929920902958624,2026-08-29 11:57:48.940557,2026-08-29 11:57:50.876626,0 days 00:00:01.936069,0.8109875068484552,1.3457916974733766,2,24,2.8183180306210844e-05,0.4523782913260796,0.9295306616646648,COMPLETE
16,3.3666906945499377,2026-08-29 11:57:51.167353,2026-08-29 11:57:53.049648,0 days 00:00:01.882295,0.41482090198394267,0.5633814146071168,2,8,6.298272151240766e-05,0.0075780801612880845,0.9331001313615299,COMPLETE
17,3.342109915650921,2026-08-29 11:57:53.304410,2026-08-29 11:57:55.474591,0 days 00:00:02.170181,0.7231986213077403,1.276897903595325,2,21,0.0019457164591652053,0.11566562043301118,0.9262306008474244,COMPLETE
18,3.3489370934757186,2026-08-29 11:57:55.697198,2026-08-29 11:57:57.972630,0 days 00:00:02.275432,0.7932736797183775,2.313677069422123,2,20,0.003727132373891271,0.2500997629359258,0.9119977324156529,COMPLETE
19,3.3463951393410007,2026-08-29 11:57:58.156547,2026-08-29 11:57:59.960088,0 days 00:00:01.803541,0.8762582604547052,2.433584228014452,3,19,0.0028202548635708727,1.0288253229858217,0.9128544440014277,COMPLETE
20,3.402209293695144,2026-08-29 11:58:00.171519,2026-08-29 11:58:02.146626,0 days 00:00:01.975107,0.9037432588629633,2.4349899571006817,3,25,0.0014652964108124054,1.642370785656997,0.8983357437458709,COMPLETE
21,3.3285299230504912,2026-08-29 11:58:02.320301,2026-08-29 11:58:04.497620,0 days 00:00:02.177319,0.7891489338876975,2.384591931951863,2,19,0.003348971391448059,0.18335698467523198,0.9197814519534662,COMPLETE
22,3.354335737817081,2026-08-29 11:58:04.668301,2026-08-29 11:58:06.575023,0 days 00:00:01.906722,0.8873493084071026,2.453204880184462,3,18,0.009344934691549192,1.1165993390958466,0.9514162022758288,COMPLETE
23,3.3978805541992188,2026-08-29 11:58:06.705515,2026-08-29 11:58:08.403645,0 days 00:00:01.698130,0.7276129897285003,2.640590591594405,4,12,0.00109194747799798,0.11217744006431683,0.8933635270539728,COMPLETE
24,3.4128831463095586,2026-08-29 11:58:08.832439,2026-08-29 11:58:11.067620,0 days 00:00:02.235181,0.9062425705236709,2.1857398032664386,2,26,0.06966080223058733,2.464983209056935,0.8827463025526932,COMPLETE
25,3.349070937545211,2026-08-29 11:58:11.291529,2026-08-29 11:58:13.218927,0 days 00:00:01.927398,0.7618256258236783,2.660961886192387,3,19,0.00587916431576183,0.06971657656336205,0.946440127553566,COMPLETE
26,3.3821278324833624,2026-08-29 11:58:13.339987,2026-08-29 11:58:15.475359,0 days 00:00:02.135372,0.8615544967448138,1.4030972373357902,2,17,0.0213643483936449,0.4240866697953793,0.5552220644452728,COMPLETE
27,3.39314345371576,2026-08-29 11:58:15.644421,2026-08-29 11:58:17.496571,0 days 00:00:01.852150,0.7715003878916782,0.2950127824173996,3,13,0.0008230267015309398,0.018543749510442402,0.8459365083358859,COMPLETE
28,3.386871667555821,2026-08-29 11:58:17.670510,2026-08-29 11:58:19.595062,0 days 00:00:01.924552,0.6681935759590395,2.1779805774566916,2,21,0.00011198097580836918,22.649148086890232,0.9587530198033034,COMPLETE
29,3.346641069577064,2026-08-29 11:58:19.907717,2026-08-29 11:58:21.461879,0 days 00:00:01.554162,0.8395564055209481,1.6201335514910902,3,15,0.15414276447298614,0.4172890619454443,0.8013877083508845,COMPLETE
30,3.446369736282914,2026-08-29 11:58:21.589858,2026-08-29 11:58:23.692552,0 days 00:00:02.102694,0.9362785944720743,2.668182746934251,4,27,23.501863997817168,14.100999008684843,0.9161000270490288,COMPLETE
31,3.349607867959105,2026-08-29 11:58:23.871331,2026-08-29 11:58:25.747753,0 days 00:00:01.876422,0.82942531554528,1.6415594362511097,3,14,1.8598749146515086,0.3569089176005942,0.7997983458074454,COMPLETE
32,3.3546706776560087,2026-08-29 11:58:25.941816,2026-08-29 11:58:27.873858,0 days 00:00:01.932042,0.8543906588328277,1.1412561042764358,3,17,5.451979016802327,0.10892773331931187,0.8359115982023095,COMPLETE
33,3.3487143810884454,2026-08-29 11:58:28.112446,2026-08-29 11:58:30.024619,0 days 00:00:01.912173,0.7473048858770853,1.589108285497414,3,22,0.004699803898589777,1.0005228187868338,0.769299662688886,COMPLETE
34,3.3567207242235724,2026-08-29 11:58:30.629020,2026-08-29 11:58:32.410345,0 days 00:00:01.781325,0.6879135596345992,2.126793626271783,2,19,0.06454254684797654,2.402040329714805,0.8796418555597512,COMPLETE
35,3.337917280785831,2026-08-29 11:58:32.711025,2026-08-29 11:58:34.512088,0 days 00:00:01.801063,0.7867580337283455,1.9394224525045838,2,15,0.29215797602074683,0.015822255571105764,0.8036158199897921,COMPLETE
36,3.414994651888623,2026-08-29 11:58:34.692360,2026-08-29 11:58:36.842352,0 days 00:00:02.149992,0.7886472076059377,1.9847672248995014,2,23,0.012529275100980742,0.010717566301732748,0.7297021889160753,COMPLETE
37,3.336020999484592,2026-08-29 11:58:37.061389,2026-08-29 11:58:38.594359,0 days 00:00:01.532970,0.9477794820387053,2.456631584840632,2,17,0.0029406555864759324,0.022416311577480086,0.8262553281291218,COMPLETE
38,3.383914241084346,2026-08-29 11:58:38.755150,2026-08-29 11:58:40.711834,0 days 00:00:01.956684,0.9446234469691459,1.8066354839785195,2,11,0.19130378317275426,0.021414715387711173,0.8128929611982931,COMPLETE
39,3.380356823956525,2026-08-29 11:58:40.870676,2026-08-29 11:58:43.323753,0 days 00:00:02.453077,0.6723117439580253,2.8007744199645126,2,6,0.043484234534305236,0.005662332707589167,0.6704659720817051,COMPLETE
