number,value,datetime_start,datetime_complete,duration,params_colsample_bytree,params_max_depth,params_min_child_samples,params_min_split_gain,params_num_leaves,params_reg_alpha,params_reg_lambda,params_subsample,state
0,3.4695203011856623,2026-08-29 11:54:53.231258,2026-08-29 11:54:54.780389,0 days 00:00:01.549131,0.5159490287115169,3,31,0.1330830452710967,5,0.0006219136370237089,0.020246844166742006,0.6812551570377835,COMPLETE
1,3.347228753845201,2026-08-29 11:54:54.912362,2026-08-29 11:54:56.285815,0 days 00:00:01.373453,0.4881491197255109,3,15,0.9530013913743769,7,0.17810303729855204,0.4645426212783978,0.7486099471193609,COMPLETE
2,3.5154320987654324,2026-08-29 11:54:56.450447,2026-08-29 11:54:58.489606,0 days 00:00:02.039159,0.7756515715729928,3,50,0.6024828262724831,6,3.294686014746819e-05,0.005054808169844367,0.8508143291581981,COMPLETE
3,3.5150617283950614,2026-08-29 11:54:58.710131,2026-08-29 11:55:00.198145,0 days 00:00:01.488014,0.46422747520056534,3,43,0.18760602333025855,7,0.9111125315005132,0.7188972376977392,0.8236327006574518,COMPLETE
4,3.3154473185324727,2026-08-29 11:55:00.381688,2026-08-29 11:55:02.027683,0 days 00:00:01.645995,0.9948189824016627,5,5,0.5299930857152509,23,0.0010175793605417826,179.22865612934532,0.935588629541977,COMPLETE
5,3.3838122720977797,2026-08-29 11:55:02.151848,2026-08-29 11:55:03.882359,0 days 00:00:01.730511,0.5685996695034162,3,19,0.5210355783251001,3,0.6473064817618691,0.6851979810687185,0.5659235388361655,COMPLETE
6,3.415619199975692,2026-08-29 11:55:04.278224,2026-08-29 11:55:05.742098,0 days 00:00:01.463874,0.39130793957375193,3,26,0.6221139040318746,7,0.5961318958579598,34.10790248082747,0.6243456294076555,COMPLETE
7,3.5165432098765432,2026-08-29 11:55:05.916166,2026-08-29 11:55:07.259321,0 days 00:00:01.343155,0.5790807735114661,4,36,0.801857491122601,4,3.6920619335626064e-05,226.09080191624543,0.8047686258073887,COMPLETE
8,3.3803822920457898,2026-08-29 11:55:07.409413,2026-08-29 11:55:08.952880,0 days 00:00:01.543467,0.7938904491043391,5,15,0.05874353139508637,15,0.031153937069115314,0.7684483673874448,0.8285743972896857,COMPLETE
9,3.5154320987654324,2026-08-29 11:55:09.146757,2026-08-29 11:55:10.709259,0 days 00:00:01.562502,0.74126878194512,4,50,0.5004279714746291,11,0.0002643862245975746,2.401833769836101,0.7868321773844915,COMPLETE
10,3.3414341621631336,2026-08-29 11:55:10.862600,2026-08-29 11:55:12.700885,0 days 00:00:01.838285,0.9880888632998539,2,6,0.3002800635424314,3,0.006337115636150469,0.0010057978209447092,0.9988726053516701,COMPLETE
11,3.332757391968677,2026-08-29 11:55:12.889025,2026-08-29 11:55:14.852129,0 days 00:00:01.963104,0.9877131856783191,2,5,0.33671530477926315,3,0.007867287928812227,0.0018100809843714324,0.9724299175303193,COMPLETE
12,3.383110764027336,2026-08-29 11:55:15.248695,2026-08-29 11:55:17.018906,0 days 00:00:01.770211,0.9841081125826188,5,5,0.3695527474315017,28,0.002413376408883314,0.027191228467868055,0.9696940419598745,COMPLETE
13,3.515432098765432,2026-08-29 11:55:17.231215,2026-08-29 11:55:18.742430,0 days 00:00:01.511215,0.8986509227695819,2,11,0.3756296123953302,3,15.822296908305312,14.148840579408185,0.9159758044801837,COMPLETE
14,3.2713457833833854,2026-08-29 11:55:18.923949,2026-08-29 11:55:21.086165,0 days 00:00:02.162216,0.8730755237005733,4,9,0.7517391116811224,15,0.011942148736852978,0.08210859588288053,0.9129435815332894,COMPLETE
15,3.5053395061728403,2026-08-29 11:55:21.228866,2026-08-29 11:55:23.139350,0 days 00:00:01.910484,0.853714431639248,4,22,0.8220501558282728,16,0.045752238606775464,295.7607889194605,0.889850978981559,COMPLETE
16,3.3709681753963303,2026-08-29 11:55:23.377282,2026-08-29 11:55:25.472406,0 days 00:00:02.095124,0.6789566431247727,5,11,0.7475068913105236,23,0.00033932280030935105,0.08528639232503843,0.9144497492281839,COMPLETE
17,3.398637919432666,2026-08-29 11:55:25.592668,2026-08-29 11:55:27.408082,0 days 00:00:01.815414,0.8986679814752588,4,11,0.9248906235807833,11,0.0014526494217527751,10.491331490431792,0.8829217218296247,COMPLETE
18,3.3167805593799997,2026-08-29 11:55:27.586626,2026-08-29 11:55:29.473114,0 days 00:00:01.886488,0.903257629540233,5,17,0.7164412884986633,21,1.0806703234223513e-05,0.12226067306882468,0.9387794762539041,COMPLETE
19,3.369279454876039,2026-08-29 11:55:29.701736,2026-08-29 11:55:32.084914,0 days 00:00:02.383178,0.6820191169034377,4,10,0.49192283846479634,11,0.044501103779586486,63.71871255530778,0.7513766891366013,COMPLETE
20,3.4179828403510197,2026-08-29 11:55:32.294471,2026-08-29 11:55:33.862666,0 days 00:00:01.568195,0.8690337173636731,5,26,0.6377831726530846,30,0.00010182946410098748,3.7142585070801943,0.8778043780364229,COMPLETE
21,3.3157060591587513,2026-08-29 11:55:34.088481,2026-08-29 11:55:35.729744,0 days 00:00:01.641263,0.9268299839170794,5,17,0.7322439937236784,21,1.0784052187949741e-05,0.1235265333169548,0.9418078535355098,COMPLETE
22,3.421152113234576,2026-08-29 11:55:35.970196,2026-08-29 11:55:38.291007,0 days 00:00:02.320811,0.9389039168980162,5,21,0.8806381566848259,22,0.007510397306689945,0.13911146863836207,0.937641606746415,COMPLETE
23,3.323607212487126,2026-08-29 11:55:38.541148,2026-08-29 11:55:40.143897,0 days 00:00:01.602749,0.8153512652645215,4,9,0.6965601218299299,15,0.0001183959235792409,0.0207842716042749,0.9983780517754755,COMPLETE
24,3.352323923432074,2026-08-29 11:55:40.312505,2026-08-29 11:55:42.029343,0 days 00:00:01.716838,0.9358164556002289,5,13,0.5621642842599492,19,1.0587683844065458e-05,0.006416304020419491,0.9487934127715085,COMPLETE
25,3.352921476422178,2026-08-29 11:55:42.183204,2026-08-29 11:55:44.063900,0 days 00:00:01.880696,0.8344497603527319,5,8,0.8255035642529378,25,0.0015358243889980702,2.504417663783576,0.8618986531829205,COMPLETE
26,3.4769765785236273,2026-08-29 11:55:44.211850,2026-08-29 11:55:45.656115,0 days 00:00:01.444265,0.7306349886979453,4,25,0.4500704916829636,13,7.484909909236515,0.05977543850394136,0.9078108372917382,COMPLETE
27,3.31396663831082,2026-08-29 11:55:45.859112,2026-08-29 11:55:47.553102,0 days 00:00:01.693990,0.950183554931469,5,16,0.6894404409278114,19,0.019285461947177965,0.007893829969901822,0.9521285157906832,COMPLETE
28,3.387582479724984,2026-08-29 11:55:48.194309,2026-08-29 11:55:49.728140,0 days 00:00:01.533831,0.9582602585594715,4,13,0.6879106505763739,13,0.020455523840484813,0.0073617318850598586,0.9732261337529825,COMPLETE
29,3.377812179500346,2026-08-29 11:55:49.957070,2026-08-29 11:55:51.792229,0 days 00:00:01.835159,0.9951816615476228,5,7,0.9881324501958797,18,0.08798468481394198,0.011521285769193668,0.7028372103050822,COMPLETE
30,3.480335598976193,2026-08-29 11:55:52.483981,2026-08-29 11:55:53.936867,0 days 00:00:01.452886,0.871671723509514,4,34,0.24510911721403666,13,0.0007643913225181993,0.003067661460824503,0.9062920967497097,COMPLETE
31,3.3651460718731823,2026-08-29 11:55:54.176547,2026-08-29 11:55:55.743751,0 days 00:00:01.567204,0.9166371087284422,5,18,0.74247540934252,25,0.003468603926393539,0.24756725516512293,0.9496612160466045,COMPLETE
32,3.378954211971354,2026-08-29 11:55:56.047982,2026-08-29 11:55:57.418872,0 days 00:00:01.370890,0.9416435378770872,5,15,0.6357314316238724,19,0.011744455189991364,0.042274566353811785,0.9297734953408362,COMPLETE
33,3.3945576032041487,2026-08-29 11:55:57.618919,2026-08-29 11:55:59.838695,0 days 00:00:02.219776,0.8636651660057973,5,22,0.5692193109341688,25,0.16154863046655157,0.36186442593819024,0.8493755158826449,COMPLETE
34,3.387936821974703,2026-08-29 11:56:00.046175,2026-08-29 11:56:01.734994,0 days 00:00:01.688819,0.9552852700814287,5,13,0.43478687705298824,20,0.0005051873640707753,101.22345773372716,0.9719585545757669,COMPLETE
35,3.3855258288610983,2026-08-29 11:56:01.939242,2026-08-29 11:56:04.042105,0 days 00:00:02.102863,0.7741998503021166,5,18,0.8858865412062135,17,0.307771443417486,0.009651232783809806,0.8609775201651637,COMPLETE
36,3.4000667860823515,2026-08-29 11:56:04.465542,2026-08-29 11:56:05.954681,0 days 00:00:01.489139,0.8170302721592355,3,29,0.7860852441614916,6,1.7352129911326621,0.0030174703396358164,0.8935113889115722,COMPLETE
37,3.3737135158303375,2026-08-29 11:56:06.148013,2026-08-29 11:56:07.767926,0 days 00:00:01.619913,0.8895564411856764,4,15,0.6678978438759778,14,3.51057282814552e-05,0.027971844459119315,0.8325929800170241,COMPLETE
38,3.406181474161022,2026-08-29 11:56:07.974351,2026-08-29 11:56:09.906512,0 days 00:00:01.932161,0.9582332092225219,3,8,0.578697270284329,6,0.00011580159215174662,1.1027790575762957,0.5575187174061038,COMPLETE
39,3.4296455338266676,2026-08-29 11:56:10.056315,2026-08-29 11:56:11.631529,0 days 00:00:01.575214,0.9221368621405749,5,20,0.8528512458704807,23,0.0151047562436096,23.62173880208681,0.9563743561637991,COMPLETE
